<?xml version="1.0" encoding="UTF-8"?>
<!-- Generated by org.testng.reporters.JUnitReportReporter -->
<testsuite hostname="MEL-QL-001" failures="0" tests="3" name="testScripts.RegisterTestTC1" time="14.869" errors="0" timestamp="2023-01-03T19:58:11 EST" skipped="0">
  <testcase classname="testScripts.RegisterTestTC1" name="registerTestCase" time="4.787"/>
  <system-out/>
  <testcase classname="testScripts.RegisterTestTC1" name="registerTestCase" time="5.442"/>
  <system-out/>
  <testcase classname="testScripts.RegisterTestTC1" name="registerTestCase" time="4.640"/>
  <system-out/>
</testsuite> <!-- testScripts.RegisterTestTC1 -->
