<?xml version="1.0" encoding="UTF-8"?>
<!-- Generated by org.testng.reporters.JUnitReportReporter -->
<testsuite hostname="MEL-QL-001" failures="0" tests="2" name="testScripts.BooksLinkTest" time="28.607" errors="0" timestamp="2023-01-03T21:50:17 EST" skipped="0">
  <testcase classname="testScripts.BooksLinkTest" name="BooksTest2" time="17.145"/>
  <system-out/>
  <testcase classname="testScripts.BooksLinkTest" name="BooksTest1" time="11.462"/>
  <system-out/>
</testsuite> <!-- testScripts.BooksLinkTest -->
