<?xml version="1.0" encoding="UTF-8"?>
<!-- Generated by org.testng.reporters.JUnitReportReporter -->
<testsuite hostname="MEL-QL-001" failures="0" tests="1" name="testScripts.PriceFilterTest" time="22.939" errors="0" timestamp="2023-01-03T21:50:17 EST" skipped="0">
  <testcase classname="testScripts.PriceFilterTest" name="PriceFilterTest1" time="22.939"/>
  <system-out/>
</testsuite> <!-- testScripts.PriceFilterTest -->
