<?xml version="1.0" encoding="UTF-8"?>
<!-- Generated by org.testng.reporters.JUnitReportReporter -->
<testsuite hostname="MEL-QL-001" failures="0" tests="3" name="testScripts.LoginTest" time="25.448" errors="0" timestamp="2023-01-03T21:50:17 EST" skipped="0">
  <testcase classname="testScripts.LoginTest" name="testCase1" time="8.844"/>
  <system-out/>
  <testcase classname="testScripts.LoginTest" name="testCase1" time="8.402"/>
  <system-out/>
  <testcase classname="testScripts.LoginTest" name="testCase1" time="8.202"/>
  <system-out/>
</testsuite> <!-- testScripts.LoginTest -->
