<?xml version="1.0" encoding="UTF-8"?>
<!-- Generated by org.testng.reporters.JUnitReportReporter -->
<testsuite hostname="MEL-QL-001" failures="0" tests="3" name="testScripts.RegisterTest" time="15.008" errors="0" timestamp="2023-01-03T21:50:17 EST" skipped="0">
  <testcase classname="testScripts.RegisterTest" name="registerTestCase" time="5.177"/>
  <system-out/>
  <testcase classname="testScripts.RegisterTest" name="registerTestCase" time="4.698"/>
  <system-out/>
  <testcase classname="testScripts.RegisterTest" name="registerTestCase" time="5.133"/>
  <system-out/>
</testsuite> <!-- testScripts.RegisterTest -->
